1758779953.682886 client started (108265): version 3.5a, socket /tmp/tmux-1000/default, protocol 8
1758779953.682912 on Linux 6.16.8-arch3-1 #1 SMP PREEMPT_DYNAMIC Mon, 22 Sep 2025 22:08:35 +0000
1758779953.682922 using libevent 2.1.12-stable poll
1758779953.682926 using ncurses 6.5 20240427
1758779953.682945 flags are 0x18010000
1758779953.682952 socket is /tmp/tmux-1000/default
1758779953.682965 trying connect
1758779953.683024 add peer 0x55a0711cbee0: 6 ((nil))
1758779953.683283 sending message 111 to peer 0x55a0711cbee0 (8 bytes)
1758779953.683288 sending message 111 to peer 0x55a0711cbee0 (8 bytes)
1758779953.683290 sending message 101 to peer 0x55a0711cbee0 (12 bytes)
1758779953.683292 sending message 109 to peer 0x55a0711cbee0 (4 bytes)
1758779953.683294 sending message 102 to peer 0x55a0711cbee0 (12 bytes)
1758779953.683296 sending message 108 to peer 0x55a0711cbee0 (25 bytes)
1758779953.683299 sending message 112 to peer 0x55a0711cbee0 (70 bytes)
1758779953.683301 sending message 112 to peer 0x55a0711cbee0 (5 bytes)
1758779953.683303 sending message 112 to peer 0x55a0711cbee0 (6 bytes)
1758779953.683305 sending message 112 to peer 0x55a0711cbee0 (6 bytes)
1758779953.683307 sending message 112 to peer 0x55a0711cbee0 (10 bytes)
1758779953.683309 sending message 112 to peer 0x55a0711cbee0 (13 bytes)
1758779953.683311 sending message 112 to peer 0x55a0711cbee0 (14 bytes)
1758779953.683313 sending message 112 to peer 0x55a0711cbee0 (19 bytes)
1758779953.683315 sending message 112 to peer 0x55a0711cbee0 (11 bytes)
1758779953.683317 sending message 112 to peer 0x55a0711cbee0 (10 bytes)
1758779953.683319 sending message 112 to peer 0x55a0711cbee0 (15 bytes)
1758779953.683321 sending message 112 to peer 0x55a0711cbee0 (21 bytes)
1758779953.683323 sending message 112 to peer 0x55a0711cbee0 (13 bytes)
1758779953.683325 sending message 112 to peer 0x55a0711cbee0 (7 bytes)
1758779953.683327 sending message 112 to peer 0x55a0711cbee0 (13 bytes)
1758779953.683329 sending message 112 to peer 0x55a0711cbee0 (7 bytes)
1758779953.683331 sending message 112 to peer 0x55a0711cbee0 (13 bytes)
1758779953.683334 sending message 112 to peer 0x55a0711cbee0 (9 bytes)
1758779953.683336 sending message 112 to peer 0x55a0711cbee0 (21 bytes)
1758779953.683338 sending message 112 to peer 0x55a0711cbee0 (13 bytes)
1758779953.683340 sending message 112 to peer 0x55a0711cbee0 (9 bytes)
1758779953.683342 sending message 112 to peer 0x55a0711cbee0 (16 bytes)
1758779953.683344 sending message 112 to peer 0x55a0711cbee0 (13 bytes)
1758779953.683346 sending message 112 to peer 0x55a0711cbee0 (9 bytes)
1758779953.683348 sending message 112 to peer 0x55a0711cbee0 (9 bytes)
1758779953.683350 sending message 112 to peer 0x55a0711cbee0 (12 bytes)
1758779953.683352 sending message 112 to peer 0x55a0711cbee0 (8 bytes)
1758779953.683354 sending message 112 to peer 0x55a0711cbee0 (13 bytes)
1758779953.683356 sending message 112 to peer 0x55a0711cbee0 (7 bytes)
1758779953.683358 sending message 112 to peer 0x55a0711cbee0 (7 bytes)
1758779953.683360 sending message 112 to peer 0x55a0711cbee0 (9 bytes)
1758779953.683362 sending message 112 to peer 0x55a0711cbee0 (6 bytes)
1758779953.683364 sending message 112 to peer 0x55a0711cbee0 (9 bytes)
1758779953.683366 sending message 112 to peer 0x55a0711cbee0 (15 bytes)
1758779953.683368 sending message 112 to peer 0x55a0711cbee0 (13 bytes)
1758779953.683370 sending message 112 to peer 0x55a0711cbee0 (12 bytes)
1758779953.683372 sending message 112 to peer 0x55a0711cbee0 (8 bytes)
1758779953.683374 sending message 112 to peer 0x55a0711cbee0 (14 bytes)
1758779953.683376 sending message 112 to peer 0x55a0711cbee0 (9 bytes)
1758779953.683379 sending message 112 to peer 0x55a0711cbee0 (10 bytes)
1758779953.683381 sending message 112 to peer 0x55a0711cbee0 (10 bytes)
1758779953.683383 sending message 112 to peer 0x55a0711cbee0 (10 bytes)
1758779953.683385 sending message 112 to peer 0x55a0711cbee0 (10 bytes)
1758779953.683387 sending message 112 to peer 0x55a0711cbee0 (11 bytes)
1758779953.683389 sending message 112 to peer 0x55a0711cbee0 (12 bytes)
1758779953.683407 sending message 112 to peer 0x55a0711cbee0 (12 bytes)
1758779953.683413 sending message 112 to peer 0x55a0711cbee0 (12 bytes)
1758779953.683415 sending message 112 to peer 0x55a0711cbee0 (12 bytes)
1758779953.683417 sending message 112 to peer 0x55a0711cbee0 (12 bytes)
1758779953.683419 sending message 112 to peer 0x55a0711cbee0 (11 bytes)
1758779953.683422 sending message 112 to peer 0x55a0711cbee0 (11 bytes)
1758779953.683424 sending message 112 to peer 0x55a0711cbee0 (12 bytes)
1758779953.683426 sending message 112 to peer 0x55a0711cbee0 (12 bytes)
1758779953.683428 sending message 112 to peer 0x55a0711cbee0 (12 bytes)
1758779953.683430 sending message 112 to peer 0x55a0711cbee0 (12 bytes)
1758779953.683432 sending message 112 to peer 0x55a0711cbee0 (12 bytes)
1758779953.683434 sending message 112 to peer 0x55a0711cbee0 (9 bytes)
1758779953.683436 sending message 112 to peer 0x55a0711cbee0 (12 bytes)
1758779953.683438 sending message 112 to peer 0x55a0711cbee0 (13 bytes)
1758779953.683440 sending message 112 to peer 0x55a0711cbee0 (13 bytes)
1758779953.683442 sending message 112 to peer 0x55a0711cbee0 (13 bytes)
1758779953.683444 sending message 112 to peer 0x55a0711cbee0 (13 bytes)
1758779953.683446 sending message 112 to peer 0x55a0711cbee0 (13 bytes)
1758779953.683448 sending message 112 to peer 0x55a0711cbee0 (8 bytes)
1758779953.683450 sending message 112 to peer 0x55a0711cbee0 (11 bytes)
1758779953.683452 sending message 112 to peer 0x55a0711cbee0 (11 bytes)
1758779953.683454 sending message 112 to peer 0x55a0711cbee0 (11 bytes)
1758779953.683456 sending message 112 to peer 0x55a0711cbee0 (12 bytes)
1758779953.683458 sending message 112 to peer 0x55a0711cbee0 (12 bytes)
1758779953.683460 sending message 112 to peer 0x55a0711cbee0 (13 bytes)
1758779953.683462 sending message 112 to peer 0x55a0711cbee0 (12 bytes)
1758779953.683464 sending message 112 to peer 0x55a0711cbee0 (13 bytes)
1758779953.683466 sending message 112 to peer 0x55a0711cbee0 (13 bytes)
1758779953.683468 sending message 112 to peer 0x55a0711cbee0 (13 bytes)
1758779953.683470 sending message 112 to peer 0x55a0711cbee0 (8 bytes)
1758779953.683473 sending message 112 to peer 0x55a0711cbee0 (13 bytes)
1758779953.683475 sending message 112 to peer 0x55a0711cbee0 (13 bytes)
1758779953.683477 sending message 112 to peer 0x55a0711cbee0 (13 bytes)
1758779953.683479 sending message 112 to peer 0x55a0711cbee0 (13 bytes)
1758779953.683481 sending message 112 to peer 0x55a0711cbee0 (13 bytes)
1758779953.683483 sending message 112 to peer 0x55a0711cbee0 (12 bytes)
1758779953.683485 sending message 112 to peer 0x55a0711cbee0 (12 bytes)
1758779953.683487 sending message 112 to peer 0x55a0711cbee0 (13 bytes)
1758779953.683489 sending message 112 to peer 0x55a0711cbee0 (12 bytes)
1758779953.683491 sending message 112 to peer 0x55a0711cbee0 (13 bytes)
1758779953.683493 sending message 112 to peer 0x55a0711cbee0 (8 bytes)
1758779953.683495 sending message 112 to peer 0x55a0711cbee0 (13 bytes)
1758779953.683497 sending message 112 to peer 0x55a0711cbee0 (13 bytes)
1758779953.683499 sending message 112 to peer 0x55a0711cbee0 (13 bytes)
1758779953.683501 sending message 112 to peer 0x55a0711cbee0 (13 bytes)
1758779953.683503 sending message 112 to peer 0x55a0711cbee0 (13 bytes)
1758779953.683505 sending message 112 to peer 0x55a0711cbee0 (13 bytes)
1758779953.683507 sending message 112 to peer 0x55a0711cbee0 (13 bytes)
1758779953.683509 sending message 112 to peer 0x55a0711cbee0 (12 bytes)
1758779953.683511 sending message 112 to peer 0x55a0711cbee0 (12 bytes)
1758779953.683513 sending message 112 to peer 0x55a0711cbee0 (13 bytes)
1758779953.683516 sending message 112 to peer 0x55a0711cbee0 (8 bytes)
1758779953.683518 sending message 112 to peer 0x55a0711cbee0 (12 bytes)
1758779953.683520 sending message 112 to peer 0x55a0711cbee0 (13 bytes)
1758779953.683522 sending message 112 to peer 0x55a0711cbee0 (13 bytes)
1758779953.683524 sending message 112 to peer 0x55a0711cbee0 (13 bytes)
1758779953.683526 sending message 112 to peer 0x55a0711cbee0 (13 bytes)
1758779953.683530 sending message 112 to peer 0x55a0711cbee0 (13 bytes)
1758779953.683533 sending message 112 to peer 0x55a0711cbee0 (13 bytes)
1758779953.683535 sending message 112 to peer 0x55a0711cbee0 (13 bytes)
1758779953.683537 sending message 112 to peer 0x55a0711cbee0 (13 bytes)
1758779953.683539 sending message 112 to peer 0x55a0711cbee0 (12 bytes)
1758779953.683541 sending message 112 to peer 0x55a0711cbee0 (10 bytes)
1758779953.683544 sending message 112 to peer 0x55a0711cbee0 (12 bytes)
1758779953.683546 sending message 112 to peer 0x55a0711cbee0 (13 bytes)
1758779953.683548 sending message 112 to peer 0x55a0711cbee0 (12 bytes)
1758779953.683550 sending message 112 to peer 0x55a0711cbee0 (13 bytes)
1758779953.683552 sending message 112 to peer 0x55a0711cbee0 (13 bytes)
1758779953.683554 sending message 112 to peer 0x55a0711cbee0 (13 bytes)
1758779953.683556 sending message 112 to peer 0x55a0711cbee0 (13 bytes)
1758779953.683558 sending message 112 to peer 0x55a0711cbee0 (13 bytes)
1758779953.683560 sending message 112 to peer 0x55a0711cbee0 (13 bytes)
1758779953.683562 sending message 112 to peer 0x55a0711cbee0 (13 bytes)
1758779953.683564 sending message 112 to peer 0x55a0711cbee0 (10 bytes)
1758779953.683566 sending message 112 to peer 0x55a0711cbee0 (13 bytes)
1758779953.683568 sending message 112 to peer 0x55a0711cbee0 (12 bytes)
1758779953.683570 sending message 112 to peer 0x55a0711cbee0 (12 bytes)
1758779953.683572 sending message 112 to peer 0x55a0711cbee0 (13 bytes)
1758779953.683574 sending message 112 to peer 0x55a0711cbee0 (10 bytes)
1758779953.683576 sending message 112 to peer 0x55a0711cbee0 (10 bytes)
1758779953.683578 sending message 112 to peer 0x55a0711cbee0 (10 bytes)
1758779953.683580 sending message 112 to peer 0x55a0711cbee0 (12 bytes)
1758779953.683582 sending message 112 to peer 0x55a0711cbee0 (13 bytes)
1758779953.683585 sending message 112 to peer 0x55a0711cbee0 (13 bytes)
1758779953.683587 sending message 112 to peer 0x55a0711cbee0 (13 bytes)
1758779953.683589 sending message 112 to peer 0x55a0711cbee0 (13 bytes)
1758779953.683591 sending message 112 to peer 0x55a0711cbee0 (13 bytes)
1758779953.683593 sending message 112 to peer 0x55a0711cbee0 (10 bytes)
1758779953.683595 sending message 112 to peer 0x55a0711cbee0 (11 bytes)
1758779953.683597 sending message 112 to peer 0x55a0711cbee0 (12 bytes)
1758779953.683599 sending message 112 to peer 0x55a0711cbee0 (12 bytes)
1758779953.683601 sending message 112 to peer 0x55a0711cbee0 (12 bytes)
1758779953.683603 sending message 112 to peer 0x55a0711cbee0 (12 bytes)
1758779953.683605 sending message 112 to peer 0x55a0711cbee0 (12 bytes)
1758779953.683607 sending message 112 to peer 0x55a0711cbee0 (11 bytes)
1758779953.683609 sending message 112 to peer 0x55a0711cbee0 (12 bytes)
1758779953.683611 sending message 112 to peer 0x55a0711cbee0 (12 bytes)
1758779953.683613 sending message 112 to peer 0x55a0711cbee0 (13 bytes)
1758779953.683615 sending message 112 to peer 0x55a0711cbee0 (13 bytes)
1758779953.683617 sending message 112 to peer 0x55a0711cbee0 (13 bytes)
1758779953.683619 sending message 112 to peer 0x55a0711cbee0 (13 bytes)
1758779953.683621 sending message 112 to peer 0x55a0711cbee0 (13 bytes)
1758779953.683623 sending message 112 to peer 0x55a0711cbee0 (10 bytes)
1758779953.683626 sending message 112 to peer 0x55a0711cbee0 (9 bytes)
1758779953.683628 sending message 112 to peer 0x55a0711cbee0 (12 bytes)
1758779953.683630 sending message 112 to peer 0x55a0711cbee0 (13 bytes)
1758779953.683632 sending message 112 to peer 0x55a0711cbee0 (13 bytes)
1758779953.683634 sending message 112 to peer 0x55a0711cbee0 (13 bytes)
1758779953.683636 sending message 112 to peer 0x55a0711cbee0 (13 bytes)
1758779953.683638 sending message 112 to peer 0x55a0711cbee0 (13 bytes)
1758779953.683640 sending message 112 to peer 0x55a0711cbee0 (9 bytes)
1758779953.683642 sending message 112 to peer 0x55a0711cbee0 (12 bytes)
1758779953.683644 sending message 112 to peer 0x55a0711cbee0 (13 bytes)
1758779953.683646 sending message 112 to peer 0x55a0711cbee0 (13 bytes)
1758779953.683650 sending message 112 to peer 0x55a0711cbee0 (13 bytes)
1758779953.683653 sending message 112 to peer 0x55a0711cbee0 (13 bytes)
1758779953.683655 sending message 112 to peer 0x55a0711cbee0 (13 bytes)
1758779953.683657 sending message 112 to peer 0x55a0711cbee0 (11 bytes)
1758779953.683659 sending message 112 to peer 0x55a0711cbee0 (12 bytes)
1758779953.683661 sending message 112 to peer 0x55a0711cbee0 (13 bytes)
1758779953.683663 sending message 112 to peer 0x55a0711cbee0 (13 bytes)
1758779953.683665 sending message 112 to peer 0x55a0711cbee0 (13 bytes)
1758779953.683667 sending message 112 to peer 0x55a0711cbee0 (13 bytes)
1758779953.683669 sending message 112 to peer 0x55a0711cbee0 (13 bytes)
1758779953.683671 sending message 112 to peer 0x55a0711cbee0 (11 bytes)
1758779953.683673 sending message 112 to peer 0x55a0711cbee0 (12 bytes)
1758779953.683675 sending message 112 to peer 0x55a0711cbee0 (12 bytes)
1758779953.683678 sending message 112 to peer 0x55a0711cbee0 (12 bytes)
1758779953.683680 sending message 112 to peer 0x55a0711cbee0 (12 bytes)
1758779953.683682 sending message 112 to peer 0x55a0711cbee0 (12 bytes)
1758779953.683684 sending message 112 to peer 0x55a0711cbee0 (22 bytes)
1758779953.683686 sending message 112 to peer 0x55a0711cbee0 (12 bytes)
1758779953.683688 sending message 112 to peer 0x55a0711cbee0 (9 bytes)
1758779953.683690 sending message 112 to peer 0x55a0711cbee0 (6 bytes)
1758779953.683692 sending message 112 to peer 0x55a0711cbee0 (13 bytes)
1758779953.683695 sending message 112 to peer 0x55a0711cbee0 (10 bytes)
1758779953.683697 sending message 112 to peer 0x55a0711cbee0 (15 bytes)
1758779953.683699 sending message 112 to peer 0x55a0711cbee0 (11 bytes)
1758779953.683701 sending message 112 to peer 0x55a0711cbee0 (9 bytes)
1758779953.683703 sending message 112 to peer 0x55a0711cbee0 (70 bytes)
1758779953.683705 sending message 112 to peer 0x55a0711cbee0 (69 bytes)
1758779953.683708 sending message 112 to peer 0x55a0711cbee0 (34 bytes)
1758779953.683710 sending message 112 to peer 0x55a0711cbee0 (34 bytes)
1758779953.683712 sending message 112 to peer 0x55a0711cbee0 (69 bytes)
1758779953.683714 sending message 112 to peer 0x55a0711cbee0 (12 bytes)
1758779953.683716 sending message 112 to peer 0x55a0711cbee0 (10 bytes)
1758779953.683719 sending message 112 to peer 0x55a0711cbee0 (10 bytes)
1758779953.683721 sending message 112 to peer 0x55a0711cbee0 (15 bytes)
1758779953.683723 sending message 112 to peer 0x55a0711cbee0 (11 bytes)
1758779953.683726 sending message 112 to peer 0x55a0711cbee0 (10 bytes)
1758779953.683728 sending message 112 to peer 0x55a0711cbee0 (10 bytes)
1758779953.683730 sending message 112 to peer 0x55a0711cbee0 (17 bytes)
1758779953.683732 sending message 112 to peer 0x55a0711cbee0 (10 bytes)
1758779953.683734 sending message 112 to peer 0x55a0711cbee0 (13 bytes)
1758779953.683736 sending message 112 to peer 0x55a0711cbee0 (17 bytes)
1758779953.683738 sending message 112 to peer 0x55a0711cbee0 (5 bytes)
1758779953.683740 sending message 112 to peer 0x55a0711cbee0 (9 bytes)
1758779953.683743 sending message 112 to peer 0x55a0711cbee0 (15 bytes)
1758779953.683745 sending message 104 to peer 0x55a0711cbee0 (0 bytes)
1758779953.683748 sending message 110 to peer 0x55a0711cbee0 (0 bytes)
1758779953.683750 sending message 107 to peer 0x55a0711cbee0 (4 bytes)
1758779953.683753 sending message 105 to peer 0x55a0711cbee0 (19 bytes)
1758779953.683755 sending message 105 to peer 0x55a0711cbee0 (32 bytes)
1758779953.683758 sending message 105 to peer 0x55a0711cbee0 (16 bytes)
1758779953.683760 sending message 105 to peer 0x55a0711cbee0 (22 bytes)
1758779953.683762 sending message 105 to peer 0x55a0711cbee0 (60 bytes)
1758779953.683765 sending message 105 to peer 0x55a0711cbee0 (21 bytes)
1758779953.683767 sending message 105 to peer 0x55a0711cbee0 (20 bytes)
1758779953.683769 sending message 105 to peer 0x55a0711cbee0 (21 bytes)
1758779953.683771 sending message 105 to peer 0x55a0711cbee0 (12 bytes)
1758779953.683773 sending message 105 to peer 0x55a0711cbee0 (21 bytes)
1758779953.683777 sending message 105 to peer 0x55a0711cbee0 (64 bytes)
1758779953.683780 sending message 105 to peer 0x55a0711cbee0 (16 bytes)
1758779953.683782 sending message 105 to peer 0x55a0711cbee0 (12 bytes)
1758779953.683785 sending message 105 to peer 0x55a0711cbee0 (15 bytes)
1758779953.683787 sending message 105 to peer 0x55a0711cbee0 (29 bytes)
1758779953.683789 sending message 105 to peer 0x55a0711cbee0 (14 bytes)
1758779953.683791 sending message 105 to peer 0x55a0711cbee0 (25 bytes)
1758779953.683794 sending message 105 to peer 0x55a0711cbee0 (16 bytes)
1758779953.683796 sending message 105 to peer 0x55a0711cbee0 (15 bytes)
1758779953.683798 sending message 105 to peer 0x55a0711cbee0 (17 bytes)
1758779953.683800 sending message 105 to peer 0x55a0711cbee0 (17 bytes)
1758779953.683802 sending message 105 to peer 0x55a0711cbee0 (30 bytes)
1758779953.683805 sending message 105 to peer 0x55a0711cbee0 (1917 bytes)
1758779953.683817 sending message 105 to peer 0x55a0711cbee0 (29 bytes)
1758779953.683819 sending message 105 to peer 0x55a0711cbee0 (26 bytes)
1758779953.683821 sending message 105 to peer 0x55a0711cbee0 (39 bytes)
1758779953.683824 sending message 105 to peer 0x55a0711cbee0 (25 bytes)
1758779953.683826 sending message 105 to peer 0x55a0711cbee0 (20 bytes)
1758779953.683828 sending message 105 to peer 0x55a0711cbee0 (23 bytes)
1758779953.683830 sending message 105 to peer 0x55a0711cbee0 (17 bytes)
1758779953.683832 sending message 105 to peer 0x55a0711cbee0 (27 bytes)
1758779953.683834 sending message 105 to peer 0x55a0711cbee0 (11 bytes)
1758779953.683836 sending message 105 to peer 0x55a0711cbee0 (90 bytes)
1758779953.683839 sending message 105 to peer 0x55a0711cbee0 (12 bytes)
1758779953.683841 sending message 105 to peer 0x55a0711cbee0 (11 bytes)
1758779953.683843 sending message 105 to peer 0x55a0711cbee0 (8 bytes)
1758779953.683845 sending message 105 to peer 0x55a0711cbee0 (16 bytes)
1758779953.683847 sending message 105 to peer 0x55a0711cbee0 (21 bytes)
1758779953.683849 sending message 105 to peer 0x55a0711cbee0 (11 bytes)
1758779953.683851 sending message 105 to peer 0x55a0711cbee0 (19 bytes)
1758779953.683853 sending message 105 to peer 0x55a0711cbee0 (25 bytes)
1758779953.683855 sending message 105 to peer 0x55a0711cbee0 (11 bytes)
1758779953.683858 sending message 105 to peer 0x55a0711cbee0 (17 bytes)
1758779953.683860 sending message 105 to peer 0x55a0711cbee0 (20 bytes)
1758779953.683862 sending message 105 to peer 0x55a0711cbee0 (31 bytes)
1758779953.683864 sending message 105 to peer 0x55a0711cbee0 (30 bytes)
1758779953.683866 sending message 105 to peer 0x55a0711cbee0 (50 bytes)
1758779953.683868 sending message 105 to peer 0x55a0711cbee0 (63 bytes)
1758779953.683871 sending message 105 to peer 0x55a0711cbee0 (16 bytes)
1758779953.683873 sending message 105 to peer 0x55a0711cbee0 (234 bytes)
1758779953.683875 sending message 105 to peer 0x55a0711cbee0 (54 bytes)
1758779953.683878 sending message 105 to peer 0x55a0711cbee0 (51 bytes)
1758779953.683880 sending message 105 to peer 0x55a0711cbee0 (27 bytes)
1758779953.683882 sending message 105 to peer 0x55a0711cbee0 (19 bytes)
1758779953.683884 sending message 105 to peer 0x55a0711cbee0 (19 bytes)
1758779953.683886 sending message 105 to peer 0x55a0711cbee0 (18 bytes)
1758779953.683888 sending message 105 to peer 0x55a0711cbee0 (20 bytes)
1758779953.683891 sending message 105 to peer 0x55a0711cbee0 (17 bytes)
1758779953.683893 sending message 105 to peer 0x55a0711cbee0 (60 bytes)
1758779953.683895 sending message 105 to peer 0x55a0711cbee0 (33 bytes)
1758779953.683897 sending message 105 to peer 0x55a0711cbee0 (38 bytes)
1758779953.683899 sending message 105 to peer 0x55a0711cbee0 (10 bytes)
1758779953.683902 sending message 106 to peer 0x55a0711cbee0 (0 bytes)
1758779953.683932 sending message 200 to peer 0x55a0711cbee0 (4 bytes)
1758779953.683934 client loop enter
1758779953.688756 peer 0x55a0711cbee0 message 207
1758779953.688769 sending message 208 to peer 0x55a0711cbee0 (0 bytes)
1758779965.462238 peer 0x55a0711cbee0 message 203
1758779965.462279 sending message 205 to peer 0x55a0711cbee0 (0 bytes)
1758779965.462457 peer 0x55a0711cbee0 message 204
1758779965.462463 client loop exit
